2022-03-11T08:30:26+00:00 CRITICAL Uncaught Error: Call to undefined function get_field() in /home/m/manufae1/wayuchoose.com/public_html/wp-content/themes/WayTheme/single-collection.php:42
Stack trace:
#0 /home/m/manufae1/wayuchoose.com/public_html/wp-includes/template-loader.php(106): include()
#1 /home/m/manufae1/wayuchoose.com/public_html/wp-blog-header.php(19): require_once('/home/m/manufae...')
#2 /home/m/manufae1/wayuchoose.com/public_html/index.php(17): require('/home/m/manufae...')
#3 {main}
  thrown в /home/m/manufae1/wayuchoose.com/public_html/wp-content/themes/WayTheme/single-collection.php на строке 42

2022-03-11T08:31:29+00:00 CRITICAL Uncaught Error: Call to undefined function get_field() in /home/m/manufae1/wayuchoose.com/public_html/wp-content/themes/WayTheme/single-collection.php:42
Stack trace:
#0 /home/m/manufae1/wayuchoose.com/public_html/wp-includes/template-loader.php(106): include()
#1 /home/m/manufae1/wayuchoose.com/public_html/wp-blog-header.php(19): require_once('/home/m/manufae...')
#2 /home/m/manufae1/wayuchoose.com/public_html/index.php(17): require('/home/m/manufae...')
#3 {main}
  thrown в /home/m/manufae1/wayuchoose.com/public_html/wp-content/themes/WayTheme/single-collection.php на строке 42

2022-03-11T08:32:19+00:00 CRITICAL Uncaught Error: Call to undefined function get_field() in /home/m/manufae1/wayuchoose.com/public_html/wp-content/themes/WayTheme/single-collection.php:42
Stack trace:
#0 /home/m/manufae1/wayuchoose.com/public_html/wp-includes/template-loader.php(106): include()
#1 /home/m/manufae1/wayuchoose.com/public_html/wp-blog-header.php(19): require_once('/home/m/manufae...')
#2 /home/m/manufae1/wayuchoose.com/public_html/index.php(17): require('/home/m/manufae...')
#3 {main}
  thrown в /home/m/manufae1/wayuchoose.com/public_html/wp-content/themes/WayTheme/single-collection.php на строке 42

2022-03-11T12:18:40+00:00 CRITICAL Uncaught Error: Call to a member function have_posts() on null in /home/m/manufae1/wayuchoose.com/public_html/wp-content/themes/WayTheme/single-collection.php:67
Stack trace:
#0 /home/m/manufae1/wayuchoose.com/public_html/wp-includes/template-loader.php(106): include()
#1 /home/m/manufae1/wayuchoose.com/public_html/wp-blog-header.php(19): require_once('/home/m/manufae...')
#2 /home/m/manufae1/wayuchoose.com/public_html/index.php(17): require('/home/m/manufae...')
#3 {main}
  thrown в /home/m/manufae1/wayuchoose.com/public_html/wp-content/themes/WayTheme/single-collection.php на строке 67

2022-03-11T20:44:05+00:00 CRITICAL Uncaught Error: Call to a member function get_name() on null in /home/m/manufae1/wayuchoose.com/public_html/wp-content/themes/WayTheme/single-collection.php:70
Stack trace:
#0 /home/m/manufae1/wayuchoose.com/public_html/wp-includes/template-loader.php(106): include()
#1 /home/m/manufae1/wayuchoose.com/public_html/wp-blog-header.php(19): require_once('/home/m/manufae...')
#2 /home/m/manufae1/wayuchoose.com/public_html/index.php(17): require('/home/m/manufae...')
#3 {main}
  thrown в /home/m/manufae1/wayuchoose.com/public_html/wp-content/themes/WayTheme/single-collection.php на строке 70

2022-03-11T20:44:49+00:00 CRITICAL Uncaught Error: Call to undefined method WP_Post::get_name() in /home/m/manufae1/wayuchoose.com/public_html/wp-content/themes/WayTheme/single-collection.php:70
Stack trace:
#0 /home/m/manufae1/wayuchoose.com/public_html/wp-includes/template-loader.php(106): include()
#1 /home/m/manufae1/wayuchoose.com/public_html/wp-blog-header.php(19): require_once('/home/m/manufae...')
#2 /home/m/manufae1/wayuchoose.com/public_html/index.php(17): require('/home/m/manufae...')
#3 {main}
  thrown в /home/m/manufae1/wayuchoose.com/public_html/wp-content/themes/WayTheme/single-collection.php на строке 70

